# JRE version: OpenJDK Runtime Environment (8.0_152-b01) (build 1.8.0_152-release-1248-b01)
# Java VM: OpenJDK 64-Bit Server VM (25.152-b01 mixed mode windows-amd64 compressed oops)
Heap:
 PSYoungGen      total 169984K, used 56811K [0x00000000e0000000, 0x00000000ed880000, 0x0000000100000000)
  eden space 156160K, 31% used [0x00000000e0000000,0x00000000e2fdbb78,0x00000000e9880000)
  from space 13824K, 56% used [0x00000000e9880000,0x00000000ea01f270,0x00000000ea600000)
  to   space 13312K, 0% used [0x00000000ecb80000,0x00000000ecb80000,0x00000000ed880000)
 ParOldGen       total 87040K, used 19106K [0x00000000a0000000, 0x00000000a5500000, 0x00000000e0000000)
  object space 87040K, 21% used [0x00000000a0000000,0x00000000a12a88c0,0x00000000a5500000)
 Metaspace       used 43991K, capacity 44882K, committed 45184K, reserved 1089536K
  class space    used 5664K, capacity 5889K, committed 6016K, reserved 1048576K
GC Heap History (10 events):
Event: 22.366 GC heap before
{Heap before GC invocations=9 (full 2):
 PSYoungGen      total 129024K, used 11769K [0x00000000e0000000, 0x00000000e9600000, 0x0000000100000000)
  eden space 117248K, 0% used [0x00000000e0000000,0x00000000e0000000,0x00000000e7280000)
  from space 11776K, 99% used [0x00000000e7f00000,0x00000000e8a7e5b8,0x00000000e8a80000)
  to   space 8704K, 0% used [0x00000000e8d80000,0x00000000e8d80000,0x00000000e9600000)
 ParOldGen       total 56320K, used 10363K [0x00000000a0000000, 0x00000000a3700000, 0x00000000e0000000)
  object space 56320K, 18% used [0x00000000a0000000,0x00000000a0a1efa0,0x00000000a3700000)
 Metaspace       used 34792K, capacity 35318K, committed 35456K, reserved 1079296K
  class space    used 4681K, capacity 4886K, committed 4992K, reserved 1048576K
Event: 22.451 GC heap after
Heap after GC invocations=9 (full 2):
 PSYoungGen      total 129024K, used 0K [0x00000000e0000000, 0x00000000e9600000, 0x0000000100000000)
  eden space 117248K, 0% used [0x00000000e0000000,0x00000000e0000000,0x00000000e7280000)
  from space 11776K, 0% used [0x00000000e7f00000,0x00000000e7f00000,0x00000000e8a80000)
  to   space 8704K, 0% used [0x00000000e8d80000,0x00000000e8d80000,0x00000000e9600000)
 ParOldGen       total 87040K, used 18446K [0x00000000a0000000, 0x00000000a5500000, 0x00000000e0000000)
  object space 87040K, 21% used [0x00000000a0000000,0x00000000a1203800,0x00000000a5500000)
 Metaspace       used 34776K, capacity 35300K, committed 35456K, reserved 1079296K
  class space    used 4676K, capacity 4880K, committed 4992K, reserved 1048576K
}
Event: 34.284 GC heap before
{Heap before GC invocations=10 (full 2):
 PSYoungGen      total 129024K, used 117248K [0x00000000e0000000, 0x00000000e9600000, 0x0000000100000000)
  eden space 117248K, 100% used [0x00000000e0000000,0x00000000e7280000,0x00000000e7280000)
  from space 11776K, 0% used [0x00000000e7f00000,0x00000000e7f00000,0x00000000e8a80000)
  to   space 8704K, 0% used [0x00000000e8d80000,0x00000000e8d80000,0x00000000e9600000)
 ParOldGen       total 87040K, used 18446K [0x00000000a0000000, 0x00000000a5500000, 0x00000000e0000000)
  object space 87040K, 21% used [0x00000000a0000000,0x00000000a1203800,0x00000000a5500000)
 Metaspace       used 42236K, capacity 43084K, committed 43264K, reserved 1087488K
  class space    used 5541K, capacity 5794K, committed 5888K, reserved 1048576K
Event: 34.297 GC heap after
Heap after GC invocations=10 (full 2):
 PSYoungGen      total 140288K, used 8682K [0x00000000e0000000, 0x00000000eb980000, 0x0000000100000000)
  eden space 131584K, 0% used [0x00000000e0000000,0x00000000e0000000,0x00000000e8080000)
  from space 8704K, 99% used [0x00000000e8d80000,0x00000000e95faae0,0x00000000e9600000)
  to   space 13312K, 0% used [0x00000000e8080000,0x00000000e8080000,0x00000000e8d80000)
 ParOldGen       total 87040K, used 19082K [0x00000000a0000000, 0x00000000a5500000, 0x00000000e0000000)
  object space 87040K, 21% used [0x00000000a0000000,0x00000000a12a28c0,0x00000000a5500000)
 Metaspace       used 42236K, capacity 43084K, committed 43264K, reserved 1087488K
  class space    used 5541K, capacity 5794K, committed 5888K, reserved 1048576K
}
Event: 35.317 GC heap before
{Heap before GC invocations=11 (full 2):
 PSYoungGen      total 140288K, used 140266K [0x00000000e0000000, 0x00000000eb980000, 0x0000000100000000)
  eden space 131584K, 100% used [0x00000000e0000000,0x00000000e8080000,0x00000000e8080000)
  from space 8704K, 99% used [0x00000000e8d80000,0x00000000e95faae0,0x00000000e9600000)
  to   space 13312K, 0% used [0x00000000e8080000,0x00000000e8080000,0x00000000e8d80000)
 ParOldGen       total 87040K, used 19082K [0x00000000a0000000, 0x00000000a5500000, 0x00000000e0000000)
  object space 87040K, 21% used [0x00000000a0000000,0x00000000a12a28c0,0x00000000a5500000)
 Metaspace       used 42257K, capacity 43084K, committed 43264K, reserved 1087488K
  class space    used 5541K, capacity 5794K, committed 5888K, reserved 1048576K
Event: 35.322 GC heap after
Heap after GC invocations=11 (full 2):
 PSYoungGen      total 144896K, used 5569K [0x00000000e0000000, 0x00000000eb680000, 0x0000000100000000)
  eden space 131584K, 0% used [0x00000000e0000000,0x00000000e0000000,0x00000000e8080000)
  from space 13312K, 41% used [0x00000000e8080000,0x00000000e85f0630,0x00000000e8d80000)
  to   space 13312K, 0% used [0x00000000ea980000,0x00000000ea980000,0x00000000eb680000)
 ParOldGen       total 87040K, used 19090K [0x00000000a0000000, 0x00000000a5500000, 0x00000000e0000000)
  object space 87040K, 21% used [0x00000000a0000000,0x00000000a12a48c0,0x00000000a5500000)
 Metaspace       used 42257K, capacity 43084K, committed 43264K, reserved 1087488K
  class space    used 5541K, capacity 5794K, committed 5888K, reserved 1048576K
}
Event: 53.232 GC heap before
{Heap before GC invocations=12 (full 2):
 PSYoungGen      total 144896K, used 137153K [0x00000000e0000000, 0x00000000eb680000, 0x0000000100000000)
  eden space 131584K, 100% used [0x00000000e0000000,0x00000000e8080000,0x00000000e8080000)
  from space 13312K, 41% used [0x00000000e8080000,0x00000000e85f0630,0x00000000e8d80000)
  to   space 13312K, 0% used [0x00000000ea980000,0x00000000ea980000,0x00000000eb680000)
 ParOldGen       total 87040K, used 19090K [0x00000000a0000000, 0x00000000a5500000, 0x00000000e0000000)
  object space 87040K, 21% used [0x00000000a0000000,0x00000000a12a48c0,0x00000000a5500000)
 Metaspace       used 43842K, capacity 44690K, committed 44928K, reserved 1087488K
  class space    used 5664K, capacity 5889K, committed 6016K, reserved 1048576K
Event: 53.241 GC heap after
Heap after GC invocations=12 (full 2):
 PSYoungGen      total 165888K, used 9857K [0x00000000e0000000, 0x00000000eb380000, 0x0000000100000000)
  eden space 155648K, 0% used [0x00000000e0000000,0x00000000e0000000,0x00000000e9800000)
  from space 10240K, 96% used [0x00000000ea980000,0x00000000eb320480,0x00000000eb380000)
  to   space 13824K, 0% used [0x00000000e9880000,0x00000000e9880000,0x00000000ea600000)
 ParOldGen       total 87040K, used 19098K [0x00000000a0000000, 0x00000000a5500000, 0x00000000e0000000)
  object space 87040K, 21% used [0x00000000a0000000,0x00000000a12a68c0,0x00000000a5500000)
 Metaspace       used 43842K, capacity 44690K, committed 44928K, reserved 1087488K
  class space    used 5664K, capacity 5889K, committed 6016K, reserved 1048576K
}
Event: 54.346 GC heap before
{Heap before GC invocations=13 (full 2):
 PSYoungGen      total 165888K, used 165505K [0x00000000e0000000, 0x00000000eb380000, 0x0000000100000000)
  eden space 155648K, 100% used [0x00000000e0000000,0x00000000e9800000,0x00000000e9800000)
  from space 10240K, 96% used [0x00000000ea980000,0x00000000eb320480,0x00000000eb380000)
  to   space 13824K, 0% used [0x00000000e9880000,0x00000000e9880000,0x00000000ea600000)
 ParOldGen       total 87040K, used 19098K [0x00000000a0000000, 0x00000000a5500000, 0x00000000e0000000)
  object space 87040K, 21% used [0x00000000a0000000,0x00000000a12a68c0,0x00000000a5500000)
 Metaspace       used 43853K, capacity 44754K, committed 44928K, reserved 1087488K
  class space    used 5664K, capacity 5889K, committed 6016K, reserved 1048576K
Event: 54.367 GC heap after
Heap after GC invocations=13 (full 2):
 PSYoungGen      total 169984K, used 7804K [0x00000000e0000000, 0x00000000ed880000, 0x0000000100000000)
  eden space 156160K, 0% used [0x00000000e0000000,0x00000000e0000000,0x00000000e9880000)
  from space 13824K, 56% used [0x00000000e9880000,0x00000000ea01f270,0x00000000ea600000)
  to   space 13312K, 0% used [0x00000000ecb80000,0x00000000ecb80000,0x00000000ed880000)
 ParOldGen       total 87040K, used 19106K [0x00000000a0000000, 0x00000000a5500000, 0x00000000e0000000)
  object space 87040K, 21% used [0x00000000a0000000,0x00000000a12a88c0,0x00000000a5500000)
 Metaspace       used 43853K, capacity 44754K, committed 44928K, reserved 1087488K
  class space    used 5664K, capacity 5889K, committed 6016K, reserved 1048576K
}

