# JRE version: OpenJDK Runtime Environment (8.0_152-b01) (build 1.8.0_152-release-1248-b01)
# Java VM: OpenJDK 64-Bit Server VM (25.152-b01 mixed mode windows-amd64 compressed oops)
Heap:
 PSYoungGen      total 143360K, used 122395K [0x00000000e0000000, 0x00000000eb700000, 0x0000000100000000)
  eden space 130048K, 94% used [0x00000000e0000000,0x00000000e7786ce8,0x00000000e7f00000)
  from space 13312K, 0% used [0x00000000eaa00000,0x00000000eaa00000,0x00000000eb700000)
  to   space 11264K, 0% used [0x00000000e7f00000,0x00000000e7f00000,0x00000000e8a00000)
 ParOldGen       total 60928K, used 15871K [0x00000000a0000000, 0x00000000a3b80000, 0x00000000e0000000)
  object space 60928K, 26% used [0x00000000a0000000,0x00000000a0f7fe38,0x00000000a3b80000)
 Metaspace       used 45142K, capacity 46168K, committed 46504K, reserved 1089536K
  class space    used 6044K, capacity 6316K, committed 6320K, reserved 1048576K
GC Heap History (10 events):
Event: 4.113 GC heap before
{Heap before GC invocations=6 (full 1):
 PSYoungGen      total 71680K, used 5097K [0x00000000e0000000, 0x00000000e9800000, 0x0000000100000000)
  eden space 66560K, 0% used [0x00000000e0000000,0x00000000e0000000,0x00000000e4100000)
  from space 5120K, 99% used [0x00000000e4100000,0x00000000e45fa5d0,0x00000000e4600000)
  to   space 11264K, 0% used [0x00000000e8d00000,0x00000000e8d00000,0x00000000e9800000)
 ParOldGen       total 87552K, used 10242K [0x00000000a0000000, 0x00000000a5580000, 0x00000000e0000000)
  object space 87552K, 11% used [0x00000000a0000000,0x00000000a0a008b8,0x00000000a5580000)
 Metaspace       used 20771K, capacity 21242K, committed 21296K, reserved 1067008K
  class space    used 2907K, capacity 3091K, committed 3120K, reserved 1048576K
Event: 4.164 GC heap after
Heap after GC invocations=6 (full 1):
 PSYoungGen      total 71680K, used 0K [0x00000000e0000000, 0x00000000e9800000, 0x0000000100000000)
  eden space 66560K, 0% used [0x00000000e0000000,0x00000000e0000000,0x00000000e4100000)
  from space 5120K, 0% used [0x00000000e4100000,0x00000000e4100000,0x00000000e4600000)
  to   space 11264K, 0% used [0x00000000e8d00000,0x00000000e8d00000,0x00000000e9800000)
 ParOldGen       total 60928K, used 7815K [0x00000000a0000000, 0x00000000a3b80000, 0x00000000e0000000)
  object space 60928K, 12% used [0x00000000a0000000,0x00000000a07a1ff8,0x00000000a3b80000)
 Metaspace       used 20771K, capacity 21242K, committed 21296K, reserved 1067008K
  class space    used 2907K, capacity 3091K, committed 3120K, reserved 1048576K
}
Event: 5.347 GC heap before
{Heap before GC invocations=7 (full 1):
 PSYoungGen      total 71680K, used 66560K [0x00000000e0000000, 0x00000000e9800000, 0x0000000100000000)
  eden space 66560K, 100% used [0x00000000e0000000,0x00000000e4100000,0x00000000e4100000)
  from space 5120K, 0% used [0x00000000e4100000,0x00000000e4100000,0x00000000e4600000)
  to   space 11264K, 0% used [0x00000000e8d00000,0x00000000e8d00000,0x00000000e9800000)
 ParOldGen       total 60928K, used 7815K [0x00000000a0000000, 0x00000000a3b80000, 0x00000000e0000000)
  object space 60928K, 12% used [0x00000000a0000000,0x00000000a07a1ff8,0x00000000a3b80000)
 Metaspace       used 28867K, capacity 29406K, committed 29744K, reserved 1075200K
  class space    used 3879K, capacity 4074K, committed 4144K, reserved 1048576K
Event: 5.356 GC heap after
Heap after GC invocations=7 (full 1):
 PSYoungGen      total 112128K, used 7898K [0x00000000e0000000, 0x00000000e9500000, 0x0000000100000000)
  eden space 103936K, 0% used [0x00000000e0000000,0x00000000e0000000,0x00000000e6580000)
  from space 8192K, 96% used [0x00000000e8d00000,0x00000000e94b6b60,0x00000000e9500000)
  to   space 11264K, 0% used [0x00000000e7f00000,0x00000000e7f00000,0x00000000e8a00000)
 ParOldGen       total 60928K, used 7823K [0x00000000a0000000, 0x00000000a3b80000, 0x00000000e0000000)
  object space 60928K, 12% used [0x00000000a0000000,0x00000000a07a3ff8,0x00000000a3b80000)
 Metaspace       used 28867K, capacity 29406K, committed 29744K, reserved 1075200K
  class space    used 3879K, capacity 4074K, committed 4144K, reserved 1048576K
}
Event: 6.752 GC heap before
{Heap before GC invocations=8 (full 1):
 PSYoungGen      total 112128K, used 111834K [0x00000000e0000000, 0x00000000e9500000, 0x0000000100000000)
  eden space 103936K, 100% used [0x00000000e0000000,0x00000000e6580000,0x00000000e6580000)
  from space 8192K, 96% used [0x00000000e8d00000,0x00000000e94b6b60,0x00000000e9500000)
  to   space 11264K, 0% used [0x00000000e7f00000,0x00000000e7f00000,0x00000000e8a00000)
 ParOldGen       total 60928K, used 7823K [0x00000000a0000000, 0x00000000a3b80000, 0x00000000e0000000)
  object space 60928K, 12% used [0x00000000a0000000,0x00000000a07a3ff8,0x00000000a3b80000)
 Metaspace       used 33862K, capacity 34596K, committed 34864K, reserved 1079296K
  class space    used 4668K, capacity 4883K, committed 4912K, reserved 1048576K
Event: 6.771 GC heap after
Heap after GC invocations=8 (full 1):
 PSYoungGen      total 141312K, used 11232K [0x00000000e0000000, 0x00000000eb700000, 0x0000000100000000)
  eden space 130048K, 0% used [0x00000000e0000000,0x00000000e0000000,0x00000000e7f00000)
  from space 11264K, 99% used [0x00000000e7f00000,0x00000000e89f8178,0x00000000e8a00000)
  to   space 13312K, 0% used [0x00000000eaa00000,0x00000000eaa00000,0x00000000eb700000)
 ParOldGen       total 60928K, used 8588K [0x00000000a0000000, 0x00000000a3b80000, 0x00000000e0000000)
  object space 60928K, 14% used [0x00000000a0000000,0x00000000a0863190,0x00000000a3b80000)
 Metaspace       used 33862K, capacity 34596K, committed 34864K, reserved 1079296K
  class space    used 4668K, capacity 4883K, committed 4912K, reserved 1048576K
}
Event: 7.149 GC heap before
{Heap before GC invocations=9 (full 1):
 PSYoungGen      total 141312K, used 32158K [0x00000000e0000000, 0x00000000eb700000, 0x0000000100000000)
  eden space 130048K, 16% used [0x00000000e0000000,0x00000000e146fa28,0x00000000e7f00000)
  from space 11264K, 99% used [0x00000000e7f00000,0x00000000e89f8178,0x00000000e8a00000)
  to   space 13312K, 0% used [0x00000000eaa00000,0x00000000eaa00000,0x00000000eb700000)
 ParOldGen       total 60928K, used 8588K [0x00000000a0000000, 0x00000000a3b80000, 0x00000000e0000000)
  object space 60928K, 14% used [0x00000000a0000000,0x00000000a0863190,0x00000000a3b80000)
 Metaspace       used 34649K, capacity 35364K, committed 35496K, reserved 1079296K
  class space    used 4760K, capacity 4966K, committed 5040K, reserved 1048576K
Event: 7.167 GC heap after
Heap after GC invocations=9 (full 1):
 PSYoungGen      total 143360K, used 9009K [0x00000000e0000000, 0x00000000eb700000, 0x0000000100000000)
  eden space 130048K, 0% used [0x00000000e0000000,0x00000000e0000000,0x00000000e7f00000)
  from space 13312K, 67% used [0x00000000eaa00000,0x00000000eb2cc4f8,0x00000000eb700000)
  to   space 11264K, 0% used [0x00000000e7f00000,0x00000000e7f00000,0x00000000e8a00000)
 ParOldGen       total 60928K, used 8596K [0x00000000a0000000, 0x00000000a3b80000, 0x00000000e0000000)
  object space 60928K, 14% used [0x00000000a0000000,0x00000000a0865190,0x00000000a3b80000)
 Metaspace       used 34649K, capacity 35364K, committed 35496K, reserved 1079296K
  class space    used 4760K, capacity 4966K, committed 5040K, reserved 1048576K
}
Event: 7.167 GC heap before
{Heap before GC invocations=10 (full 2):
 PSYoungGen      total 143360K, used 9009K [0x00000000e0000000, 0x00000000eb700000, 0x0000000100000000)
  eden space 130048K, 0% used [0x00000000e0000000,0x00000000e0000000,0x00000000e7f00000)
  from space 13312K, 67% used [0x00000000eaa00000,0x00000000eb2cc4f8,0x00000000eb700000)
  to   space 11264K, 0% used [0x00000000e7f00000,0x00000000e7f00000,0x00000000e8a00000)
 ParOldGen       total 60928K, used 8596K [0x00000000a0000000, 0x00000000a3b80000, 0x00000000e0000000)
  object space 60928K, 14% used [0x00000000a0000000,0x00000000a0865190,0x00000000a3b80000)
 Metaspace       used 34649K, capacity 35364K, committed 35496K, reserved 1079296K
  class space    used 4760K, capacity 4966K, committed 5040K, reserved 1048576K
Event: 7.252 GC heap after
Heap after GC invocations=10 (full 2):
 PSYoungGen      total 143360K, used 0K [0x00000000e0000000, 0x00000000eb700000, 0x0000000100000000)
  eden space 130048K, 0% used [0x00000000e0000000,0x00000000e0000000,0x00000000e7f00000)
  from space 13312K, 0% used [0x00000000eaa00000,0x00000000eaa00000,0x00000000eb700000)
  to   space 11264K, 0% used [0x00000000e7f00000,0x00000000e7f00000,0x00000000e8a00000)
 ParOldGen       total 60928K, used 15871K [0x00000000a0000000, 0x00000000a3b80000, 0x00000000e0000000)
  object space 60928K, 26% used [0x00000000a0000000,0x00000000a0f7fe38,0x00000000a3b80000)
 Metaspace       used 34639K, capacity 35328K, committed 35496K, reserved 1079296K
  class space    used 4757K, capacity 4960K, committed 5040K, reserved 1048576K
}

