# JRE version: OpenJDK Runtime Environment (8.0_152-b01) (build 1.8.0_152-release-1248-b01)
# Java VM: OpenJDK 64-Bit Server VM (25.152-b01 mixed mode windows-amd64 compressed oops)
Heap:
 PSYoungGen      total 160768K, used 3138K [0x00000000e0000000, 0x00000000edb80000, 0x0000000100000000)
  eden space 147968K, 2% used [0x00000000e0000000,0x00000000e0310a48,0x00000000e9080000)
  from space 12800K, 0% used [0x00000000e9d80000,0x00000000e9d80000,0x00000000eaa00000)
  to   space 13312K, 0% used [0x00000000e9080000,0x00000000e9080000,0x00000000e9d80000)
 ParOldGen       total 64512K, used 16271K [0x00000000a0000000, 0x00000000a3f00000, 0x00000000e0000000)
  object space 64512K, 25% used [0x00000000a0000000,0x00000000a0fe3f58,0x00000000a3f00000)
 Metaspace       used 34789K, capacity 35456K, committed 35672K, reserved 1079296K
  class space    used 4776K, capacity 4976K, committed 4992K, reserved 1048576K
GC Heap History (10 events):
Event: 3.194 GC heap before
{Heap before GC invocations=6 (full 1):
 PSYoungGen      total 71680K, used 5092K [0x00000000e0000000, 0x00000000e9800000, 0x0000000100000000)
  eden space 66560K, 0% used [0x00000000e0000000,0x00000000e0000000,0x00000000e4100000)
  from space 5120K, 99% used [0x00000000e4100000,0x00000000e45f9050,0x00000000e4600000)
  to   space 11264K, 0% used [0x00000000e8d00000,0x00000000e8d00000,0x00000000e9800000)
 ParOldGen       total 87552K, used 9864K [0x00000000a0000000, 0x00000000a5580000, 0x00000000e0000000)
  object space 87552K, 11% used [0x00000000a0000000,0x00000000a09a21f0,0x00000000a5580000)
 Metaspace       used 20749K, capacity 21088K, committed 21248K, reserved 1067008K
  class space    used 2864K, capacity 3034K, committed 3072K, reserved 1048576K
Event: 3.249 GC heap after
Heap after GC invocations=6 (full 1):
 PSYoungGen      total 71680K, used 0K [0x00000000e0000000, 0x00000000e9800000, 0x0000000100000000)
  eden space 66560K, 0% used [0x00000000e0000000,0x00000000e0000000,0x00000000e4100000)
  from space 5120K, 0% used [0x00000000e4100000,0x00000000e4100000,0x00000000e4600000)
  to   space 11264K, 0% used [0x00000000e8d00000,0x00000000e8d00000,0x00000000e9800000)
 ParOldGen       total 64512K, used 9882K [0x00000000a0000000, 0x00000000a3f00000, 0x00000000e0000000)
  object space 64512K, 15% used [0x00000000a0000000,0x00000000a09a6a50,0x00000000a3f00000)
 Metaspace       used 20749K, capacity 21088K, committed 21248K, reserved 1067008K
  class space    used 2864K, capacity 3034K, committed 3072K, reserved 1048576K
}
Event: 4.352 GC heap before
{Heap before GC invocations=7 (full 1):
 PSYoungGen      total 71680K, used 66560K [0x00000000e0000000, 0x00000000e9800000, 0x0000000100000000)
  eden space 66560K, 100% used [0x00000000e0000000,0x00000000e4100000,0x00000000e4100000)
  from space 5120K, 0% used [0x00000000e4100000,0x00000000e4100000,0x00000000e4600000)
  to   space 11264K, 0% used [0x00000000e8d00000,0x00000000e8d00000,0x00000000e9800000)
 ParOldGen       total 64512K, used 9882K [0x00000000a0000000, 0x00000000a3f00000, 0x00000000e0000000)
  object space 64512K, 15% used [0x00000000a0000000,0x00000000a09a6a50,0x00000000a3f00000)
 Metaspace       used 28343K, capacity 28804K, committed 29056K, reserved 1075200K
  class space    used 3803K, capacity 3953K, committed 3968K, reserved 1048576K
Event: 4.362 GC heap after
Heap after GC invocations=7 (full 1):
 PSYoungGen      total 108544K, used 7836K [0x00000000e0000000, 0x00000000e9500000, 0x0000000100000000)
  eden space 100352K, 0% used [0x00000000e0000000,0x00000000e0000000,0x00000000e6200000)
  from space 8192K, 95% used [0x00000000e8d00000,0x00000000e94a71b0,0x00000000e9500000)
  to   space 11264K, 0% used [0x00000000e7f00000,0x00000000e7f00000,0x00000000e8a00000)
 ParOldGen       total 64512K, used 9890K [0x00000000a0000000, 0x00000000a3f00000, 0x00000000e0000000)
  object space 64512K, 15% used [0x00000000a0000000,0x00000000a09a8a50,0x00000000a3f00000)
 Metaspace       used 28343K, capacity 28804K, committed 29056K, reserved 1075200K
  class space    used 3803K, capacity 3953K, committed 3968K, reserved 1048576K
}
Event: 5.595 GC heap before
{Heap before GC invocations=8 (full 1):
 PSYoungGen      total 108544K, used 108188K [0x00000000e0000000, 0x00000000e9500000, 0x0000000100000000)
  eden space 100352K, 100% used [0x00000000e0000000,0x00000000e6200000,0x00000000e6200000)
  from space 8192K, 95% used [0x00000000e8d00000,0x00000000e94a71b0,0x00000000e9500000)
  to   space 11264K, 0% used [0x00000000e7f00000,0x00000000e7f00000,0x00000000e8a00000)
 ParOldGen       total 64512K, used 9890K [0x00000000a0000000, 0x00000000a3f00000, 0x00000000e0000000)
  object space 64512K, 15% used [0x00000000a0000000,0x00000000a09a8a50,0x00000000a3f00000)
 Metaspace       used 33203K, capacity 33702K, committed 34176K, reserved 1079296K
  class space    used 4559K, capacity 4717K, committed 4736K, reserved 1048576K
Event: 5.608 GC heap after
Heap after GC invocations=8 (full 1):
 PSYoungGen      total 141312K, used 11210K [0x00000000e0000000, 0x00000000eaa00000, 0x0000000100000000)
  eden space 130048K, 0% used [0x00000000e0000000,0x00000000e0000000,0x00000000e7f00000)
  from space 11264K, 99% used [0x00000000e7f00000,0x00000000e89f29b0,0x00000000e8a00000)
  to   space 12800K, 0% used [0x00000000e9d80000,0x00000000e9d80000,0x00000000eaa00000)
 ParOldGen       total 64512K, used 9898K [0x00000000a0000000, 0x00000000a3f00000, 0x00000000e0000000)
  object space 64512K, 15% used [0x00000000a0000000,0x00000000a09aaa50,0x00000000a3f00000)
 Metaspace       used 33203K, capacity 33702K, committed 34176K, reserved 1079296K
  class space    used 4559K, capacity 4717K, committed 4736K, reserved 1048576K
}
Event: 6.227 GC heap before
{Heap before GC invocations=9 (full 1):
 PSYoungGen      total 141312K, used 39997K [0x00000000e0000000, 0x00000000eaa00000, 0x0000000100000000)
  eden space 130048K, 22% used [0x00000000e0000000,0x00000000e1c1cd30,0x00000000e7f00000)
  from space 11264K, 99% used [0x00000000e7f00000,0x00000000e89f29b0,0x00000000e8a00000)
  to   space 12800K, 0% used [0x00000000e9d80000,0x00000000e9d80000,0x00000000eaa00000)
 ParOldGen       total 64512K, used 9898K [0x00000000a0000000, 0x00000000a3f00000, 0x00000000e0000000)
  object space 64512K, 15% used [0x00000000a0000000,0x00000000a09aaa50,0x00000000a3f00000)
 Metaspace       used 34585K, capacity 35214K, committed 35416K, reserved 1079296K
  class space    used 4742K, capacity 4937K, committed 4992K, reserved 1048576K
Event: 6.245 GC heap after
Heap after GC invocations=9 (full 1):
 PSYoungGen      total 160768K, used 9485K [0x00000000e0000000, 0x00000000edb80000, 0x0000000100000000)
  eden space 147968K, 0% used [0x00000000e0000000,0x00000000e0000000,0x00000000e9080000)
  from space 12800K, 74% used [0x00000000e9d80000,0x00000000ea6c37a0,0x00000000eaa00000)
  to   space 13312K, 0% used [0x00000000e9080000,0x00000000e9080000,0x00000000e9d80000)
 ParOldGen       total 64512K, used 9906K [0x00000000a0000000, 0x00000000a3f00000, 0x00000000e0000000)
  object space 64512K, 15% used [0x00000000a0000000,0x00000000a09aca50,0x00000000a3f00000)
 Metaspace       used 34585K, capacity 35214K, committed 35416K, reserved 1079296K
  class space    used 4742K, capacity 4937K, committed 4992K, reserved 1048576K
}
Event: 6.245 GC heap before
{Heap before GC invocations=10 (full 2):
 PSYoungGen      total 160768K, used 9485K [0x00000000e0000000, 0x00000000edb80000, 0x0000000100000000)
  eden space 147968K, 0% used [0x00000000e0000000,0x00000000e0000000,0x00000000e9080000)
  from space 12800K, 74% used [0x00000000e9d80000,0x00000000ea6c37a0,0x00000000eaa00000)
  to   space 13312K, 0% used [0x00000000e9080000,0x00000000e9080000,0x00000000e9d80000)
 ParOldGen       total 64512K, used 9906K [0x00000000a0000000, 0x00000000a3f00000, 0x00000000e0000000)
  object space 64512K, 15% used [0x00000000a0000000,0x00000000a09aca50,0x00000000a3f00000)
 Metaspace       used 34585K, capacity 35214K, committed 35416K, reserved 1079296K
  class space    used 4742K, capacity 4937K, committed 4992K, reserved 1048576K
Event: 6.364 GC heap after
Heap after GC invocations=10 (full 2):
 PSYoungGen      total 160768K, used 0K [0x00000000e0000000, 0x00000000edb80000, 0x0000000100000000)
  eden space 147968K, 0% used [0x00000000e0000000,0x00000000e0000000,0x00000000e9080000)
  from space 12800K, 0% used [0x00000000e9d80000,0x00000000e9d80000,0x00000000eaa00000)
  to   space 13312K, 0% used [0x00000000e9080000,0x00000000e9080000,0x00000000e9d80000)
 ParOldGen       total 64512K, used 16271K [0x00000000a0000000, 0x00000000a3f00000, 0x00000000e0000000)
  object space 64512K, 25% used [0x00000000a0000000,0x00000000a0fe3f58,0x00000000a3f00000)
 Metaspace       used 34584K, capacity 35208K, committed 35416K, reserved 1079296K
  class space    used 4742K, capacity 4936K, committed 4992K, reserved 1048576K
}

