# JRE version: OpenJDK Runtime Environment (8.0_152-b01) (build 1.8.0_152-release-1248-b01)
# Java VM: OpenJDK 64-Bit Server VM (25.152-b01 mixed mode windows-amd64 compressed oops)
Heap:
 PSYoungGen      total 186368K, used 75842K [0x00000000e0000000, 0x00000000ec700000, 0x0000000100000000)
  eden space 174080K, 43% used [0x00000000e0000000,0x00000000e4a10908,0x00000000eaa00000)
  from space 12288K, 0% used [0x00000000ebb00000,0x00000000ebb00000,0x00000000ec700000)
  to   space 14848K, 0% used [0x00000000eaa00000,0x00000000eaa00000,0x00000000eb880000)
 ParOldGen       total 126464K, used 29885K [0x00000000a0000000, 0x00000000a7b80000, 0x00000000e0000000)
  object space 126464K, 23% used [0x00000000a0000000,0x00000000a1d2f710,0x00000000a7b80000)
 Metaspace       used 62063K, capacity 63772K, committed 64000K, reserved 1107968K
  class space    used 8272K, capacity 8700K, committed 8704K, reserved 1048576K
GC Heap History (10 events):
Event: 6.440 GC heap before
{Heap before GC invocations=11 (full 2):
 PSYoungGen      total 118784K, used 10676K [0x00000000e0000000, 0x00000000ea780000, 0x0000000100000000)
  eden space 108032K, 0% used [0x00000000e0000000,0x00000000e0000000,0x00000000e6980000)
  from space 10752K, 99% used [0x00000000e6980000,0x00000000e73ed0a8,0x00000000e7400000)
  to   space 12288K, 0% used [0x00000000e9b80000,0x00000000e9b80000,0x00000000ea780000)
 ParOldGen       total 56832K, used 7680K [0x00000000a0000000, 0x00000000a3780000, 0x00000000e0000000)
  object space 56832K, 13% used [0x00000000a0000000,0x00000000a0780170,0x00000000a3780000)
 Metaspace       used 34709K, capacity 35358K, committed 35456K, reserved 1079296K
  class space    used 4765K, capacity 4947K, committed 4992K, reserved 1048576K
Event: 6.500 GC heap after
Heap after GC invocations=11 (full 2):
 PSYoungGen      total 118784K, used 0K [0x00000000e0000000, 0x00000000ea780000, 0x0000000100000000)
  eden space 108032K, 0% used [0x00000000e0000000,0x00000000e0000000,0x00000000e6980000)
  from space 10752K, 0% used [0x00000000e6980000,0x00000000e6980000,0x00000000e7400000)
  to   space 12288K, 0% used [0x00000000e9b80000,0x00000000e9b80000,0x00000000ea780000)
 ParOldGen       total 86528K, used 17477K [0x00000000a0000000, 0x00000000a5480000, 0x00000000e0000000)
  object space 86528K, 20% used [0x00000000a0000000,0x00000000a1111448,0x00000000a5480000)
 Metaspace       used 34709K, capacity 35358K, committed 35456K, reserved 1079296K
  class space    used 4765K, capacity 4947K, committed 4992K, reserved 1048576K
}
Event: 10.288 GC heap before
{Heap before GC invocations=12 (full 2):
 PSYoungGen      total 118784K, used 108032K [0x00000000e0000000, 0x00000000ea780000, 0x0000000100000000)
  eden space 108032K, 100% used [0x00000000e0000000,0x00000000e6980000,0x00000000e6980000)
  from space 10752K, 0% used [0x00000000e6980000,0x00000000e6980000,0x00000000e7400000)
  to   space 12288K, 0% used [0x00000000e9b80000,0x00000000e9b80000,0x00000000ea780000)
 ParOldGen       total 86528K, used 17477K [0x00000000a0000000, 0x00000000a5480000, 0x00000000e0000000)
  object space 86528K, 20% used [0x00000000a0000000,0x00000000a1111448,0x00000000a5480000)
 Metaspace       used 46672K, capacity 47620K, committed 48000K, reserved 1091584K
  class space    used 6155K, capacity 6437K, committed 6528K, reserved 1048576K
Event: 10.304 GC heap after
Heap after GC invocations=12 (full 2):
 PSYoungGen      total 152064K, used 12276K [0x00000000e0000000, 0x00000000ea780000, 0x0000000100000000)
  eden space 139776K, 0% used [0x00000000e0000000,0x00000000e0000000,0x00000000e8880000)
  from space 12288K, 99% used [0x00000000e9b80000,0x00000000ea77d0a0,0x00000000ea780000)
  to   space 14848K, 0% used [0x00000000e8a80000,0x00000000e8a80000,0x00000000e9900000)
 ParOldGen       total 86528K, used 21622K [0x00000000a0000000, 0x00000000a5480000, 0x00000000e0000000)
  object space 86528K, 24% used [0x00000000a0000000,0x00000000a151db08,0x00000000a5480000)
 Metaspace       used 46672K, capacity 47620K, committed 48000K, reserved 1091584K
  class space    used 6155K, capacity 6437K, committed 6528K, reserved 1048576K
}
Event: 16.019 GC heap before
{Heap before GC invocations=13 (full 2):
 PSYoungGen      total 152064K, used 152052K [0x00000000e0000000, 0x00000000ea780000, 0x0000000100000000)
  eden space 139776K, 100% used [0x00000000e0000000,0x00000000e8880000,0x00000000e8880000)
  from space 12288K, 99% used [0x00000000e9b80000,0x00000000ea77d0a0,0x00000000ea780000)
  to   space 14848K, 0% used [0x00000000e8a80000,0x00000000e8a80000,0x00000000e9900000)
 ParOldGen       total 86528K, used 21622K [0x00000000a0000000, 0x00000000a5480000, 0x00000000e0000000)
  object space 86528K, 24% used [0x00000000a0000000,0x00000000a151db08,0x00000000a5480000)
 Metaspace       used 54224K, capacity 55404K, committed 55680K, reserved 1099776K
  class space    used 7163K, capacity 7481K, committed 7552K, reserved 1048576K
Event: 16.037 GC heap after
Heap after GC invocations=13 (full 2):
 PSYoungGen      total 156672K, used 10876K [0x00000000e0000000, 0x00000000eca00000, 0x0000000100000000)
  eden space 141824K, 0% used [0x00000000e0000000,0x00000000e0000000,0x00000000e8a80000)
  from space 14848K, 73% used [0x00000000e8a80000,0x00000000e951f238,0x00000000e9900000)
  to   space 15360K, 0% used [0x00000000ebb00000,0x00000000ebb00000,0x00000000eca00000)
 ParOldGen       total 86528K, used 28192K [0x00000000a0000000, 0x00000000a5480000, 0x00000000e0000000)
  object space 86528K, 32% used [0x00000000a0000000,0x00000000a1b88200,0x00000000a5480000)
 Metaspace       used 54224K, capacity 55404K, committed 55680K, reserved 1099776K
  class space    used 7163K, capacity 7481K, committed 7552K, reserved 1048576K
}
Event: 21.138 GC heap before
{Heap before GC invocations=14 (full 2):
 PSYoungGen      total 156672K, used 45860K [0x00000000e0000000, 0x00000000eca00000, 0x0000000100000000)
  eden space 141824K, 24% used [0x00000000e0000000,0x00000000e222a0f0,0x00000000e8a80000)
  from space 14848K, 73% used [0x00000000e8a80000,0x00000000e951f238,0x00000000e9900000)
  to   space 15360K, 0% used [0x00000000ebb00000,0x00000000ebb00000,0x00000000eca00000)
 ParOldGen       total 86528K, used 28192K [0x00000000a0000000, 0x00000000a5480000, 0x00000000e0000000)
  object space 86528K, 32% used [0x00000000a0000000,0x00000000a1b88200,0x00000000a5480000)
 Metaspace       used 57525K, capacity 59002K, committed 59096K, reserved 1103872K
  class space    used 7613K, capacity 7994K, committed 8064K, reserved 1048576K
Event: 21.152 GC heap after
Heap after GC invocations=14 (full 2):
 PSYoungGen      total 186368K, used 9175K [0x00000000e0000000, 0x00000000ec700000, 0x0000000100000000)
  eden space 174080K, 0% used [0x00000000e0000000,0x00000000e0000000,0x00000000eaa00000)
  from space 12288K, 74% used [0x00000000ebb00000,0x00000000ec3f5e30,0x00000000ec700000)
  to   space 14848K, 0% used [0x00000000eaa00000,0x00000000eaa00000,0x00000000eb880000)
 ParOldGen       total 86528K, used 28264K [0x00000000a0000000, 0x00000000a5480000, 0x00000000e0000000)
  object space 86528K, 32% used [0x00000000a0000000,0x00000000a1b9a210,0x00000000a5480000)
 Metaspace       used 57525K, capacity 59002K, committed 59096K, reserved 1103872K
  class space    used 7613K, capacity 7994K, committed 8064K, reserved 1048576K
}
Event: 21.152 GC heap before
{Heap before GC invocations=15 (full 3):
 PSYoungGen      total 186368K, used 9175K [0x00000000e0000000, 0x00000000ec700000, 0x0000000100000000)
  eden space 174080K, 0% used [0x00000000e0000000,0x00000000e0000000,0x00000000eaa00000)
  from space 12288K, 74% used [0x00000000ebb00000,0x00000000ec3f5e30,0x00000000ec700000)
  to   space 14848K, 0% used [0x00000000eaa00000,0x00000000eaa00000,0x00000000eb880000)
 ParOldGen       total 86528K, used 28264K [0x00000000a0000000, 0x00000000a5480000, 0x00000000e0000000)
  object space 86528K, 32% used [0x00000000a0000000,0x00000000a1b9a210,0x00000000a5480000)
 Metaspace       used 57525K, capacity 59002K, committed 59096K, reserved 1103872K
  class space    used 7613K, capacity 7994K, committed 8064K, reserved 1048576K
Event: 21.442 GC heap after
Heap after GC invocations=15 (full 3):
 PSYoungGen      total 186368K, used 0K [0x00000000e0000000, 0x00000000ec700000, 0x0000000100000000)
  eden space 174080K, 0% used [0x00000000e0000000,0x00000000e0000000,0x00000000eaa00000)
  from space 12288K, 0% used [0x00000000ebb00000,0x00000000ebb00000,0x00000000ec700000)
  to   space 14848K, 0% used [0x00000000eaa00000,0x00000000eaa00000,0x00000000eb880000)
 ParOldGen       total 126464K, used 29885K [0x00000000a0000000, 0x00000000a7b80000, 0x00000000e0000000)
  object space 126464K, 23% used [0x00000000a0000000,0x00000000a1d2f710,0x00000000a7b80000)
 Metaspace       used 57485K, capacity 58882K, committed 59096K, reserved 1103872K
  class space    used 7602K, capacity 7954K, committed 8064K, reserved 1048576K
}

